<?xml version="1.0" encoding="UTF-8"?>
<!-- Generated by org.testng.reporters.JUnitReportReporter -->
<testsuite hostname="LAPTOP-A1FDKG3" failures="0" tests="6" name="automationChallenge.ProductsPageTest" time="33.806" errors="0" timestamp="2021-03-12T23:03:19 PST" skipped="0">
  <testcase classname="automationChallenge.ProductsPageTest" name="verifyTestAllThingsShirt" time="7.993"/>
  <system-out/>
  <testcase classname="automationChallenge.ProductsPageTest" name="addItemsToCart" time="3.357"/>
  <system-out/>
  <testcase classname="automationChallenge.ProductsPageTest" name="addItemsToCart" time="8.041"/>
  <system-out/>
  <testcase classname="automationChallenge.ProductsPageTest" name="removeItemsFromCart" time="8.193"/>
  <system-out/>
  <testcase classname="automationChallenge.ProductsPageTest" name="removeItemsFromCart" time="3.123"/>
  <system-out/>
  <testcase classname="automationChallenge.ProductsPageTest" name="verifyTestAllThingsShirt" time="3.099"/>
  <system-out/>
</testsuite> <!-- automationChallenge.ProductsPageTest -->
