<?xml version="1.0" encoding="UTF-8"?>
<!-- Generated by org.testng.reporters.JUnitReportReporter -->
<testsuite hostname="LAPTOP-A1FDKG3" failures="0" tests="2" name="automationChallenge.CheckoutOverviewPageTest" time="12.596" errors="0" timestamp="2021-03-12T23:03:19 PST" skipped="0">
  <testcase classname="automationChallenge.CheckoutOverviewPageTest" name="verifyTotal" time="8.720"/>
  <system-out/>
  <testcase classname="automationChallenge.CheckoutOverviewPageTest" name="verifyTotal" time="3.876"/>
  <system-out/>
</testsuite> <!-- automationChallenge.CheckoutOverviewPageTest -->
