<?xml version="1.0" encoding="UTF-8"?>
<!-- Generated by org.testng.reporters.JUnitReportReporter -->
<testsuite hostname="LAPTOP-A1FDKG3" failures="0" tests="2" name="automationChallenge.FinishPageTest" time="12.876" errors="0" timestamp="2021-03-12T23:03:19 PST" skipped="0">
  <testcase classname="automationChallenge.FinishPageTest" name="verifyPonyExpressImage" time="8.789"/>
  <system-out/>
  <testcase classname="automationChallenge.FinishPageTest" name="verifyPonyExpressImage" time="4.087"/>
  <system-out/>
</testsuite> <!-- automationChallenge.FinishPageTest -->
