<?xml version="1.0" encoding="UTF-8"?>
<!-- Generated by org.testng.reporters.JUnitReportReporter -->
<testsuite hostname="LAPTOP-A1FDKG3" failures="0" tests="5" name="automationChallenge.LoginPageTest" time="20.828" errors="0" timestamp="2021-03-12T23:03:19 PST" skipped="0">
  <testcase classname="automationChallenge.LoginPageTest" name="testValidLoginAccounts" time="9.591"/>
  <system-out/>
  <testcase classname="automationChallenge.LoginPageTest" name="testInvalidLoginAccounts" time="2.885"/>
  <system-out/>
  <testcase classname="automationChallenge.LoginPageTest" name="testInvalidLoginAccounts" time="2.908"/>
  <system-out/>
  <testcase classname="automationChallenge.LoginPageTest" name="validateTitle" time="2.530"/>
  <system-out/>
  <testcase classname="automationChallenge.LoginPageTest" name="testValidLoginAccounts" time="2.914"/>
  <system-out/>
</testsuite> <!-- automationChallenge.LoginPageTest -->
