<?xml version="1.0" encoding="UTF-8"?>
<!-- Generated by org.testng.reporters.JUnitReportReporter -->
<testsuite hostname="LAPTOP-A1FDKG3" failures="0" tests="5" name="automationChallenge.LoginPageTest" time="16.875" errors="0" timestamp="2021-03-12T15:45:04 PST" skipped="0">
  <testcase classname="automationChallenge.LoginPageTest" name="testInvalidLoginAccounts" time="2.794"/>
  <system-out/>
  <testcase classname="automationChallenge.LoginPageTest" name="validateTitle" time="2.145"/>
  <system-out/>
  <testcase classname="automationChallenge.LoginPageTest" name="testValidLoginAccounts" time="2.278"/>
  <system-out/>
  <testcase classname="automationChallenge.LoginPageTest" name="testInvalidLoginAccounts" time="2.270"/>
  <system-out/>
  <testcase classname="automationChallenge.LoginPageTest" name="testValidLoginAccounts" time="7.388"/>
  <system-out/>
</testsuite> <!-- automationChallenge.LoginPageTest -->
