<?xml version="1.0" encoding="UTF-8"?>
<!-- Generated by org.testng.reporters.JUnitReportReporter -->
<testsuite hostname="LAPTOP-A1FDKG3" failures="0" tests="2" name="automationChallenge.ProductsPageTest" time="11.454" errors="0" timestamp="2021-03-12T22:31:50 PST" skipped="0">
  <testcase classname="automationChallenge.ProductsPageTest" name="removeItemsFromCart" time="8.379"/>
  <system-out/>
  <testcase classname="automationChallenge.ProductsPageTest" name="removeItemsFromCart" time="3.075"/>
  <system-out/>
</testsuite> <!-- automationChallenge.ProductsPageTest -->
